<?xml version="1.0" encoding="UTF-8"?>
<!-- Generated by org.testng.reporters.JUnitXMLReporter -->
<testsuite ignored="4" hostname="EC2AMAZ-8K1VTOL" failures="2" tests="3" name="Regression Test" time="10.483" errors="0" timestamp="2022-08-25T23:21:22 GMT">
  <testcase classname="test.BasicValidation" name="titleValidation" time="0.074">
    <failure type="java.lang.AssertionError" message="Page title validation failed, expected [true] but found [false]">
      <![CDATA[java.lang.AssertionError: Page title validation failed, expected [true] but found [false]
at test.BasicValidation.titleValidation(BasicValidation.java:18)
at java.base/java.util.ArrayList.forEach(ArrayList.java:1507)
... Removed 30 stack frames]]>
    </failure>
  </testcase> <!-- titleValidation -->
  <testcase classname="test.BasicValidation" name="urlValidation" time="0.019">
    <failure type="java.lang.AssertionError" message="URL validation failed, expected [true] but found [false]">
      <![CDATA[java.lang.AssertionError: URL validation failed, expected [true] but found [false]
at test.BasicValidation.urlValidation(BasicValidation.java:29)
at java.base/java.util.ArrayList.forEach(ArrayList.java:1507)
... Removed 30 stack frames]]>
    </failure>
  </testcase> <!-- urlValidation -->
  <testcase classname="test.LoginValidation" name="validUsernameValidPassword" time="0.449"/>
  <testcase classname="test.BaseTest" name="@BeforeTest beforeTest" time="0.0">
    <ignored/>
  </testcase> <!-- @BeforeTest beforeTest -->
  <testcase classname="test.BaseTest" name="@AfterTest afterTest" time="0.0">
    <ignored/>
  </testcase> <!-- @AfterTest afterTest -->
  <testcase classname="test.BaseTest" name="@AfterTest afterTest" time="0.0">
    <ignored/>
  </testcase> <!-- @AfterTest afterTest -->
  <testcase classname="test.BaseTest" name="@BeforeTest beforeTest" time="0.0">
    <ignored/>
  </testcase> <!-- @BeforeTest beforeTest -->
</testsuite> <!-- Regression Test -->
